<?xml version="1.0" encoding="UTF-8"?>
<testng-results ignored="0" total="2" passed="2" failed="0" skipped="0">
  <reporter-output>
  </reporter-output>
  <suite started-at="2025-04-12T10:26:06 IST" name="Default suite" finished-at="2025-04-12T10:26:56 IST" duration-ms="49611">
    <groups>
    </groups>
    <test started-at="2025-04-12T10:26:06 IST" name="Default test" finished-at="2025-04-12T10:26:56 IST" duration-ms="49611">
      <class name="com.cts.testcases.TestCaseOne">
        <test-method is-config="true" signature="setupBrowser()[pri:0, instance:com.cts.testcases.TestCaseOne@7526515b]" started-at="2025-04-12T10:26:06 IST" name="setupBrowser" finished-at="2025-04-12T10:26:10 IST" duration-ms="3836" status="PASS">
          <reporter-output>
          </reporter-output>
        </test-method> <!-- setupBrowser -->
        <test-method signature="loginAndCreateLead()[pri:0, instance:com.cts.testcases.TestCaseOne@7526515b]" started-at="2025-04-12T10:26:10 IST" name="loginAndCreateLead" finished-at="2025-04-12T10:26:37 IST" duration-ms="27401" status="PASS">
          <reporter-output>
          </reporter-output>
        </test-method> <!-- loginAndCreateLead -->
        <test-method is-config="true" signature="tearDown()[pri:0, instance:com.cts.testcases.TestCaseOne@7526515b]" started-at="2025-04-12T10:26:37 IST" name="tearDown" finished-at="2025-04-12T10:26:38 IST" duration-ms="402" status="PASS">
          <reporter-output>
          </reporter-output>
        </test-method> <!-- tearDown -->
        <test-method is-config="true" signature="setupBrowser()[pri:0, instance:com.cts.testcases.TestCaseOne@7526515b]" started-at="2025-04-12T10:26:38 IST" name="setupBrowser" finished-at="2025-04-12T10:26:41 IST" duration-ms="3682" status="PASS">
          <reporter-output>
          </reporter-output>
        </test-method> <!-- setupBrowser -->
        <test-method signature="loginAndLogout()[pri:0, instance:com.cts.testcases.TestCaseOne@7526515b]" started-at="2025-04-12T10:26:41 IST" name="loginAndLogout" finished-at="2025-04-12T10:26:55 IST" duration-ms="13808" status="PASS">
          <reporter-output>
          </reporter-output>
        </test-method> <!-- loginAndLogout -->
        <test-method is-config="true" signature="tearDown()[pri:0, instance:com.cts.testcases.TestCaseOne@7526515b]" started-at="2025-04-12T10:26:55 IST" name="tearDown" finished-at="2025-04-12T10:26:56 IST" duration-ms="417" status="PASS">
          <reporter-output>
          </reporter-output>
        </test-method> <!-- tearDown -->
      </class> <!-- com.cts.testcases.TestCaseOne -->
    </test> <!-- Default test -->
  </suite> <!-- Default suite -->
</testng-results>
